c:\users\urani\dropbox\02_studyabroad\21-25_fall_promotion\24_2017fall\03_research\sfoundation\sdk\examples\4a-example-motion\debug\vc141.pdb
c:\users\urani\dropbox\02_studyabroad\21-25_fall_promotion\24_2017fall\03_research\sfoundation\sdk\examples\4a-example-motion\debug\vc141.idb
c:\users\urani\dropbox\02_studyabroad\21-25_fall_promotion\24_2017fall\03_research\sfoundation\sdk\examples\4a-example-motion\debug\example-motion.obj
c:\users\urani\dropbox\02_studyabroad\21-25_fall_promotion\24_2017fall\03_research\171129_fallcoding\examples\4a-example-motion\debug\vc141.pdb
c:\users\urani\dropbox\02_studyabroad\21-25_fall_promotion\24_2017fall\03_research\171129_fallcoding\examples\4a-example-motion\debug\vc141.idb
c:\users\urani\dropbox\02_studyabroad\21-25_fall_promotion\24_2017fall\03_research\171129_fallcoding\examples\4a-example-motion\debug\example-motion.obj
c:\users\urani\dropbox\02_studyabroad\21-25_fall_promotion\24_2017fall\03_research\171129_fallcoding\examples\4a-example-motion\debug\serialport.obj
c:\users\urani\dropbox\02_studyabroad\21-25_fall_promotion\24_2017fall\03_research\sfoundation\sdk\examples\4a-example-motion\debug\example-motion.lib
c:\users\urani\dropbox\02_studyabroad\21-25_fall_promotion\24_2017fall\03_research\sfoundation\sdk\examples\4a-example-motion\debug\example-motion.exp
c:\users\urani\dropbox\02_studyabroad\21-25_fall_promotion\24_2017fall\03_research\sfoundation\sdk\examples\4a-example-motion\debug\mnuserdriver20.dll
c:\users\urani\dropbox\02_studyabroad\21-25_fall_promotion\24_2017fall\03_research\171129_fallcoding\examples\4a-example-motion\debug\example-motion.lib
c:\users\urani\dropbox\02_studyabroad\21-25_fall_promotion\24_2017fall\03_research\171129_fallcoding\examples\4a-example-motion\debug\example-motion.exp
c:\users\urani\dropbox\02_studyabroad\21-25_fall_promotion\24_2017fall\03_research\171129_fallcoding\examples\4a-example-motion\debug\mnuserdriver20.dll
c:\users\urani\dropbox\02_studyabroad\21-25_fall_promotion\24_2017fall\03_research\sfoundation\sdk\examples\4a-example-motion\debug\example-motion.exe
c:\users\urani\dropbox\02_studyabroad\21-25_fall_promotion\24_2017fall\03_research\sfoundation\sdk\examples\4a-example-motion\debug\example-motion.ilk
c:\users\urani\dropbox\02_studyabroad\21-25_fall_promotion\24_2017fall\03_research\sfoundation\sdk\examples\4a-example-motion\debug\example-motion.pdb
c:\users\urani\dropbox\02_studyabroad\21-25_fall_promotion\24_2017fall\03_research\171129_fallcoding\examples\4a-example-motion\debug\example-motion.exe
c:\users\urani\dropbox\02_studyabroad\21-25_fall_promotion\24_2017fall\03_research\171129_fallcoding\examples\4a-example-motion\debug\example-motion.ilk
c:\users\urani\dropbox\02_studyabroad\21-25_fall_promotion\24_2017fall\03_research\171129_fallcoding\examples\4a-example-motion\debug\example-motion.pdb
c:\users\urani\dropbox\02_studyabroad\21-25_fall_promotion\24_2017fall\03_research\171129_fallcoding\examples\4a-example-motion\debug\example-motion.tlog\cl.command.1.tlog
c:\users\urani\dropbox\02_studyabroad\21-25_fall_promotion\24_2017fall\03_research\171129_fallcoding\examples\4a-example-motion\debug\example-motion.tlog\cl.read.1.tlog
c:\users\urani\dropbox\02_studyabroad\21-25_fall_promotion\24_2017fall\03_research\171129_fallcoding\examples\4a-example-motion\debug\example-motion.tlog\cl.write.1.tlog
c:\users\urani\dropbox\02_studyabroad\21-25_fall_promotion\24_2017fall\03_research\171129_fallcoding\examples\4a-example-motion\debug\example-motion.tlog\example-motion.write.1u.tlog
c:\users\urani\dropbox\02_studyabroad\21-25_fall_promotion\24_2017fall\03_research\171129_fallcoding\examples\4a-example-motion\debug\example-motion.tlog\link.command.1.tlog
c:\users\urani\dropbox\02_studyabroad\21-25_fall_promotion\24_2017fall\03_research\171129_fallcoding\examples\4a-example-motion\debug\example-motion.tlog\link.read.1.tlog
c:\users\urani\dropbox\02_studyabroad\21-25_fall_promotion\24_2017fall\03_research\171129_fallcoding\examples\4a-example-motion\debug\example-motion.tlog\link.write.1.tlog
